14-Jun-2024 [1] [WARN] [Meeting_Scheduler.Common.FileLogger] [Log] - Empty password field entered!
14-Jun-2024 [1] [WARN] [Meeting_Scheduler.Common.FileLogger] [Log] - Wrong credentials!
14-Jun-2024 [1] [INFO] [Meeting_Scheduler.Common.FileLogger] [Log] - Navigating to employee view!
14-Jun-2024 [1] [INFO] [Meeting_Scheduler.Common.FileLogger] [Log] - Navigating to admin view
14-Jun-2024 [1] [INFO] [Meeting_Scheduler.Common.FileLogger] [Log] - Navigating to admin view
14-Jun-2024 [1] [INFO] [Meeting_Scheduler.Common.FileLogger] [Log] - Navigating to employee view!
14-Jun-2024 [1] [INFO] [Meeting_Scheduler.Common.FileLogger] [Log] - Starting report generation for employee !
14-Jun-2024 [1] [INFO] [Meeting_Scheduler.Common.FileLogger] [Log] - Report generation was successfully done !
14-Jun-2024 [1] [INFO] [Meeting_Scheduler.Common.FileLogger] [Log] - Navigating to absence view model of employee!
14-Jun-2024 [1] [WARN] [Meeting_Scheduler.Common.FileLogger] [Log] - Empty field type
14-Jun-2024 [1] [INFO] [Meeting_Scheduler.Common.FileLogger] [Log] - Navigating to the seeking leave view !
14-Jun-2024 [1] [WARN] [Meeting_Scheduler.Common.FileLogger] [Log] - Empty field start date!
14-Jun-2024 [1] [WARN] [Meeting_Scheduler.Common.FileLogger] [Log] - Empty field end date!
14-Jun-2024 [1] [WARN] [Meeting_Scheduler.Common.FileLogger] [Log] - Empty field description!
14-Jun-2024 [1] [WARN] [Meeting_Scheduler.Common.FileLogger] [Log] - Wrong start date input!
14-Jun-2024 [1] [INFO] [Meeting_Scheduler.Common.FileLogger] [Log] - Navigating to admin view
14-Jun-2024 [1] [INFO] [Meeting_Scheduler.Common.FileLogger] [Log] - Navigating to admin view
14-Jun-2024 [1] [INFO] [Meeting_Scheduler.Common.FileLogger] [Log] - Navigating to admin view
14-Jun-2024 [1] [INFO] [Meeting_Scheduler.Common.FileLogger] [Log] - Navigating to admin view
14-Jun-2024 [1] [INFO] [Meeting_Scheduler.Common.FileLogger] [Log] - Navigating to admin view
14-Jun-2024 [1] [INFO] [Meeting_Scheduler.Common.FileLogger] [Log] - Navigating to admin view
14-Jun-2024 [1] [INFO] [Meeting_Scheduler.Common.FileLogger] [Log] - Navigating to admin view
14-Jun-2024 [1] [INFO] [Meeting_Scheduler.Common.FileLogger] [Log] - Navigating to admin view
14-Jun-2024 [1] [INFO] [Meeting_Scheduler.Common.FileLogger] [Log] - Navigating to admin view
14-Jun-2024 [1] [INFO] [Meeting_Scheduler.Common.FileLogger] [Log] - Navigating to admin view
14-Jun-2024 [1] [INFO] [Meeting_Scheduler.Common.FileLogger] [Log] - Navigating to admin view
14-Jun-2024 [1] [INFO] [Meeting_Scheduler.Common.FileLogger] [Log] - Navigating to employee view!
14-Jun-2024 [1] [INFO] [Meeting_Scheduler.Common.FileLogger] [Log] - Navigating to the calendar employee view!
14-Jun-2024 [1] [INFO] [Meeting_Scheduler.Common.FileLogger] [Log] - Navigating to employee view!
14-Jun-2024 [1] [INFO] [Meeting_Scheduler.Common.FileLogger] [Log] - Navigating to the calendar employee view!
14-Jun-2024 [1] [INFO] [Meeting_Scheduler.Common.FileLogger] [Log] - Navigating to employee view!
14-Jun-2024 [1] [INFO] [Meeting_Scheduler.Common.FileLogger] [Log] - Navigating to the calendar employee view!
14-Jun-2024 [1] [INFO] [Meeting_Scheduler.Common.FileLogger] [Log] - Navigating to employee view!
14-Jun-2024 [1] [INFO] [Meeting_Scheduler.Common.FileLogger] [Log] - Navigating to the calendar employee view!
14-Jun-2024 [1] [INFO] [Meeting_Scheduler.Common.FileLogger] [Log] - Navigating to the employee user view!
14-Jun-2024 [1] [INFO] [Meeting_Scheduler.Common.FileLogger] [Log] - Navigating to the calendar employee view!
14-Jun-2024 [1] [INFO] [Meeting_Scheduler.Common.FileLogger] [Log] - Navigating to the employee user view!
14-Jun-2024 [1] [INFO] [Meeting_Scheduler.Common.FileLogger] [Log] - Navigating to the edit appointment view!
14-Jun-2024 [1] [INFO] [Meeting_Scheduler.Common.FileLogger] [Log] - Starting report generation for employee !
14-Jun-2024 [1] [INFO] [Meeting_Scheduler.Common.FileLogger] [Log] - Report generation was successfully done !
14-Jun-2024 [1] [INFO] [Meeting_Scheduler.Common.FileLogger] [Log] - Navigating to admin view
14-Jun-2024 [1] [INFO] [Meeting_Scheduler.Common.FileLogger] [Log] - Navigating to admin view
14-Jun-2024 [1] [INFO] [Meeting_Scheduler.Common.FileLogger] [Log] - Navigating to admin view
14-Jun-2024 [1] [INFO] [Meeting_Scheduler.Common.FileLogger] [Log] - Navigating to employee view!
14-Jun-2024 [1] [INFO] [Meeting_Scheduler.Common.FileLogger] [Log] - Navigating to the calendar employee view!
14-Jun-2024 [1] [INFO] [Meeting_Scheduler.Common.FileLogger] [Log] - Navigating to the employee user view!
14-Jun-2024 [1] [INFO] [Meeting_Scheduler.Common.FileLogger] [Log] - Navigating to admin view
